# JRE version: OpenJDK Runtime Environment (8.0_242) (build 1.8.0_242-release-1644-b3-6222593)
# Java VM: OpenJDK 64-Bit Server VM (25.242-b3-6222593 mixed mode linux-amd64 compressed oops)
Heap:
 PSYoungGen      total 447488K, used 26086K [0x00000000d5580000, 0x00000000f2400000, 0x0000000100000000)
  eden space 421376K, 0% used [0x00000000d5580000,0x00000000d5580000,0x00000000ef100000)
  from space 26112K, 99% used [0x00000000ef100000,0x00000000f0a79a68,0x00000000f0a80000)
  to   space 15360K, 0% used [0x00000000f1500000,0x00000000f1500000,0x00000000f2400000)
 ParOldGen       total 133632K, used 74128K [0x0000000080000000, 0x0000000088280000, 0x00000000d5580000)
  object space 133632K, 55% used [0x0000000080000000,0x00000000848640a8,0x0000000088280000)
 Metaspace       used 89646K, capacity 95640K, committed 95768K, reserved 1132544K
  class space    used 11772K, capacity 12807K, committed 12840K, reserved 1048576K
GC Heap History (10 events):
Event: 472,256 GC heap after
Heap after GC invocations=23 (full 4):
 PSYoungGen      total 409088K, used 8297K [0x00000000d5580000, 0x00000000f3000000, 0x0000000100000000)
  eden space 380416K, 0% used [0x00000000d5580000,0x00000000d5580000,0x00000000ec900000)
  from space 28672K, 28% used [0x00000000ec900000,0x00000000ed11a780,0x00000000ee500000)
  to   space 27648K, 0% used [0x00000000f1500000,0x00000000f1500000,0x00000000f3000000)
 ParOldGen       total 123904K, used 65465K [0x0000000080000000, 0x0000000087900000, 0x00000000d5580000)
  object space 123904K, 52% used [0x0000000080000000,0x0000000083fee668,0x0000000087900000)
 Metaspace       used 76391K, capacity 80218K, committed 80408K, reserved 1118208K
  class space    used 9963K, capacity 10680K, committed 10792K, reserved 1048576K
}
Event: 541,990 GC heap before
{Heap before GC invocations=24 (full 4):
 PSYoungGen      total 409088K, used 388713K [0x00000000d5580000, 0x00000000f3000000, 0x0000000100000000)
  eden space 380416K, 100% used [0x00000000d5580000,0x00000000ec900000,0x00000000ec900000)
  from space 28672K, 28% used [0x00000000ec900000,0x00000000ed11a780,0x00000000ee500000)
  to   space 27648K, 0% used [0x00000000f1500000,0x00000000f1500000,0x00000000f3000000)
 ParOldGen       total 123904K, used 65465K [0x0000000080000000, 0x0000000087900000, 0x00000000d5580000)
  object space 123904K, 52% used [0x0000000080000000,0x0000000083fee668,0x0000000087900000)
 Metaspace       used 77505K, capacity 81566K, committed 81816K, reserved 1120256K
  class space    used 10089K, capacity 10802K, committed 10920K, reserved 1048576K
Event: 542,008 GC heap after
Heap after GC invocations=24 (full 4):
 PSYoungGen      total 436736K, used 10430K [0x00000000d5580000, 0x00000000f2400000, 0x0000000100000000)
  eden space 421376K, 0% used [0x00000000d5580000,0x00000000d5580000,0x00000000ef100000)
  from space 15360K, 67% used [0x00000000f1500000,0x00000000f1f2f8c8,0x00000000f2400000)
  to   space 26112K, 0% used [0x00000000ef100000,0x00000000ef100000,0x00000000f0a80000)
 ParOldGen       total 123904K, used 65473K [0x0000000080000000, 0x0000000087900000, 0x00000000d5580000)
  object space 123904K, 52% used [0x0000000080000000,0x0000000083ff0668,0x0000000087900000)
 Metaspace       used 77505K, capacity 81566K, committed 81816K, reserved 1120256K
  class space    used 10089K, capacity 10802K, committed 10920K, reserved 1048576K
}
Event: 547,630 GC heap before
{Heap before GC invocations=25 (full 4):
 PSYoungGen      total 436736K, used 431806K [0x00000000d5580000, 0x00000000f2400000, 0x0000000100000000)
  eden space 421376K, 100% used [0x00000000d5580000,0x00000000ef100000,0x00000000ef100000)
  from space 15360K, 67% used [0x00000000f1500000,0x00000000f1f2f8c8,0x00000000f2400000)
  to   space 26112K, 0% used [0x00000000ef100000,0x00000000ef100000,0x00000000f0a80000)
 ParOldGen       total 123904K, used 65473K [0x0000000080000000, 0x0000000087900000, 0x00000000d5580000)
  object space 123904K, 52% used [0x0000000080000000,0x0000000083ff0668,0x0000000087900000)
 Metaspace       used 86866K, capacity 91948K, committed 92184K, reserved 1128448K
  class space    used 11578K, capacity 12489K, committed 12584K, reserved 1048576K
Event: 548,046 GC heap after
Heap after GC invocations=25 (full 4):
 PSYoungGen      total 436736K, used 431806K [0x00000000d5580000, 0x00000000f2400000, 0x0000000100000000)
  eden space 421376K, 100% used [0x00000000d5580000,0x00000000ef100000,0x00000000ef100000)
  from space 15360K, 67% used [0x00000000f1500000,0x00000000f1f2f8c8,0x00000000f2400000)
  to   space 26112K, 99% used [0x00000000ef100000,0x00000000f0a7ea70,0x00000000f0a80000)
 ParOldGen       total 137728K, used 137331K [0x0000000080000000, 0x0000000088680000, 0x00000000d5580000)
  object space 137728K, 99% used [0x0000000080000000,0x000000008861cc58,0x0000000088680000)
 Metaspace       used 86866K, capacity 91948K, committed 92184K, reserved 1128448K
  class space    used 11578K, capacity 12489K, committed 12584K, reserved 1048576K
}
Event: 548,047 GC heap before
{Heap before GC invocations=26 (full 5):
 PSYoungGen      total 436736K, used 431806K [0x00000000d5580000, 0x00000000f2400000, 0x0000000100000000)
  eden space 421376K, 100% used [0x00000000d5580000,0x00000000ef100000,0x00000000ef100000)
  from space 15360K, 67% used [0x00000000f1500000,0x00000000f1f2f8c8,0x00000000f2400000)
  to   space 26112K, 99% used [0x00000000ef100000,0x00000000f0a7ea70,0x00000000f0a80000)
 ParOldGen       total 137728K, used 137331K [0x0000000080000000, 0x0000000088680000, 0x00000000d5580000)
  object space 137728K, 99% used [0x0000000080000000,0x000000008861cc58,0x0000000088680000)
 Metaspace       used 86866K, capacity 91948K, committed 92184K, reserved 1128448K
  class space    used 11578K, capacity 12489K, committed 12584K, reserved 1048576K
Event: 549,374 GC heap after
Heap after GC invocations=26 (full 5):
 PSYoungGen      total 436736K, used 0K [0x00000000d5580000, 0x00000000f2400000, 0x0000000100000000)
  eden space 421376K, 0% used [0x00000000d5580000,0x00000000d5580000,0x00000000ef100000)
  from space 15360K, 0% used [0x00000000f1500000,0x00000000f1500000,0x00000000f2400000)
  to   space 26112K, 11% used [0x00000000ef100000,0x00000000ef3e12b0,0x00000000f0a80000)
 ParOldGen       total 202752K, used 137177K [0x0000000080000000, 0x000000008c600000, 0x00000000d5580000)
  object space 202752K, 67% used [0x0000000080000000,0x00000000885f6600,0x000000008c600000)
 Metaspace       used 86756K, capacity 91736K, committed 92184K, reserved 1128448K
  class space    used 11536K, capacity 12413K, committed 12584K, reserved 1048576K
}
Event: 613,795 GC heap before
{Heap before GC invocations=27 (full 6):
 PSYoungGen      total 436736K, used 421376K [0x00000000d5580000, 0x00000000f2400000, 0x0000000100000000)
  eden space 421376K, 100% used [0x00000000d5580000,0x00000000ef100000,0x00000000ef100000)
  from space 15360K, 0% used [0x00000000f1500000,0x00000000f1500000,0x00000000f2400000)
  to   space 26112K, 11% used [0x00000000ef100000,0x00000000ef3e12b0,0x00000000f0a80000)
 ParOldGen       total 202752K, used 137177K [0x0000000080000000, 0x000000008c600000, 0x00000000d5580000)
  object space 202752K, 67% used [0x0000000080000000,0x00000000885f6600,0x000000008c600000)
 Metaspace       used 88764K, capacity 93986K, committed 94360K, reserved 1130496K
  class space    used 11649K, capacity 12586K, committed 12712K, reserved 1048576K
Event: 613,968 GC heap after
Heap after GC invocations=27 (full 6):
 PSYoungGen      total 436736K, used 0K [0x00000000d5580000, 0x00000000f2400000, 0x0000000100000000)
  eden space 421376K, 0% used [0x00000000d5580000,0x00000000d5580000,0x00000000ef100000)
  from space 15360K, 0% used [0x00000000f1500000,0x00000000f1500000,0x00000000f2400000)
  to   space 26112K, 0% used [0x00000000ef100000,0x00000000ef100000,0x00000000f0a80000)
 ParOldGen       total 133632K, used 59517K [0x0000000080000000, 0x0000000088280000, 0x00000000d5580000)
  object space 133632K, 44% used [0x0000000080000000,0x0000000083a1f7e8,0x0000000088280000)
 Metaspace       used 88764K, capacity 93986K, committed 94360K, reserved 1130496K
  class space    used 11649K, capacity 12586K, committed 12712K, reserved 1048576K
}
Event: 1092,577 GC heap before
{Heap before GC invocations=28 (full 6):
 PSYoungGen      total 436736K, used 421376K [0x00000000d5580000, 0x00000000f2400000, 0x0000000100000000)
  eden space 421376K, 100% used [0x00000000d5580000,0x00000000ef100000,0x00000000ef100000)
  from space 15360K, 0% used [0x00000000f1500000,0x00000000f1500000,0x00000000f2400000)
  to   space 26112K, 0% used [0x00000000ef100000,0x00000000ef100000,0x00000000f0a80000)
 ParOldGen       total 133632K, used 59517K [0x0000000080000000, 0x0000000088280000, 0x00000000d5580000)
  object space 133632K, 44% used [0x0000000080000000,0x0000000083a1f7e8,0x0000000088280000)
 Metaspace       used 89646K, capacity 95640K, committed 95768K, reserved 1132544K
  class space    used 11772K, capacity 12807K, committed 12840K, reserved 1048576K

