# JRE version: OpenJDK Runtime Environment (8.0_242) (build 1.8.0_242-release-1644-b3-6222593)
# Java VM: OpenJDK 64-Bit Server VM (25.242-b3-6222593 mixed mode linux-amd64 compressed oops)
Heap:
 PSYoungGen      total 69632K, used 7152K [0x00000000d5580000, 0x00000000da180000, 0x0000000100000000)
  eden space 62464K, 0% used [0x00000000d5580000,0x00000000d5580000,0x00000000d9280000)
  from space 7168K, 99% used [0x00000000d9280000,0x00000000d997c180,0x00000000d9980000)
  to   space 6144K, 0% used [0x00000000d9980000,0x00000000d9980000,0x00000000d9f80000)
 ParOldGen       total 42496K, used 8038K [0x0000000080000000, 0x0000000082980000, 0x00000000d5580000)
  object space 42496K, 18% used [0x0000000080000000,0x00000000807d9b28,0x0000000082980000)
 Metaspace       used 20519K, capacity 21228K, committed 21296K, reserved 1067008K
  class space    used 2867K, capacity 3078K, committed 3120K, reserved 1048576K
GC Heap History (10 events):
Event: 1,039 GC heap after
Heap after GC invocations=2 (full 0):
 PSYoungGen      total 18432K, used 2541K [0x00000000d5580000, 0x00000000d7980000, 0x0000000100000000)
  eden space 15872K, 0% used [0x00000000d5580000,0x00000000d5580000,0x00000000d6500000)
  from space 2560K, 99% used [0x00000000d6780000,0x00000000d69fb728,0x00000000d6a00000)
  to   space 2560K, 0% used [0x00000000d6500000,0x00000000d6500000,0x00000000d6780000)
 ParOldGen       total 42496K, used 1022K [0x0000000080000000, 0x0000000082980000, 0x00000000d5580000)
  object space 42496K, 2% used [0x0000000080000000,0x00000000800ff858,0x0000000082980000)
 Metaspace       used 7494K, capacity 7754K, committed 7936K, reserved 1056768K
  class space    used 926K, capacity 1009K, committed 1024K, reserved 1048576K
}
Event: 1,209 GC heap before
{Heap before GC invocations=3 (full 0):
 PSYoungGen      total 18432K, used 18413K [0x00000000d5580000, 0x00000000d7980000, 0x0000000100000000)
  eden space 15872K, 100% used [0x00000000d5580000,0x00000000d6500000,0x00000000d6500000)
  from space 2560K, 99% used [0x00000000d6780000,0x00000000d69fb728,0x00000000d6a00000)
  to   space 2560K, 0% used [0x00000000d6500000,0x00000000d6500000,0x00000000d6780000)
 ParOldGen       total 42496K, used 1022K [0x0000000080000000, 0x0000000082980000, 0x00000000d5580000)
  object space 42496K, 2% used [0x0000000080000000,0x00000000800ff858,0x0000000082980000)
 Metaspace       used 7613K, capacity 7882K, committed 7936K, reserved 1056768K
  class space    used 934K, capacity 1009K, committed 1024K, reserved 1048576K
Event: 1,215 GC heap after
Heap after GC invocations=3 (full 0):
 PSYoungGen      total 18432K, used 2528K [0x00000000d5580000, 0x00000000d7980000, 0x0000000100000000)
  eden space 15872K, 0% used [0x00000000d5580000,0x00000000d5580000,0x00000000d6500000)
  from space 2560K, 98% used [0x00000000d6500000,0x00000000d6778020,0x00000000d6780000)
  to   space 2560K, 0% used [0x00000000d7700000,0x00000000d7700000,0x00000000d7980000)
 ParOldGen       total 42496K, used 1209K [0x0000000080000000, 0x0000000082980000, 0x00000000d5580000)
  object space 42496K, 2% used [0x0000000080000000,0x000000008012e4c0,0x0000000082980000)
 Metaspace       used 7613K, capacity 7882K, committed 7936K, reserved 1056768K
  class space    used 934K, capacity 1009K, committed 1024K, reserved 1048576K
}
Event: 1,449 GC heap before
{Heap before GC invocations=4 (full 0):
 PSYoungGen      total 18432K, used 18400K [0x00000000d5580000, 0x00000000d7980000, 0x0000000100000000)
  eden space 15872K, 100% used [0x00000000d5580000,0x00000000d6500000,0x00000000d6500000)
  from space 2560K, 98% used [0x00000000d6500000,0x00000000d6778020,0x00000000d6780000)
  to   space 2560K, 0% used [0x00000000d7700000,0x00000000d7700000,0x00000000d7980000)
 ParOldGen       total 42496K, used 1209K [0x0000000080000000, 0x0000000082980000, 0x00000000d5580000)
  object space 42496K, 2% used [0x0000000080000000,0x000000008012e4c0,0x0000000082980000)
 Metaspace       used 8006K, capacity 8386K, committed 8576K, reserved 1056768K
  class space    used 1018K, capacity 1113K, committed 1152K, reserved 1048576K
Event: 1,455 GC heap after
Heap after GC invocations=4 (full 0):
 PSYoungGen      total 34304K, used 2544K [0x00000000d5580000, 0x00000000d7980000, 0x0000000100000000)
  eden space 31744K, 0% used [0x00000000d5580000,0x00000000d5580000,0x00000000d7480000)
  from space 2560K, 99% used [0x00000000d7700000,0x00000000d797c010,0x00000000d7980000)
  to   space 2560K, 0% used [0x00000000d7480000,0x00000000d7480000,0x00000000d7700000)
 ParOldGen       total 42496K, used 2132K [0x0000000080000000, 0x0000000082980000, 0x00000000d5580000)
  object space 42496K, 5% used [0x0000000080000000,0x00000000802152d8,0x0000000082980000)
 Metaspace       used 8006K, capacity 8386K, committed 8576K, reserved 1056768K
  class space    used 1018K, capacity 1113K, committed 1152K, reserved 1048576K
}
Event: 2,165 GC heap before
{Heap before GC invocations=5 (full 0):
 PSYoungGen      total 34304K, used 34288K [0x00000000d5580000, 0x00000000d7980000, 0x0000000100000000)
  eden space 31744K, 100% used [0x00000000d5580000,0x00000000d7480000,0x00000000d7480000)
  from space 2560K, 99% used [0x00000000d7700000,0x00000000d797c010,0x00000000d7980000)
  to   space 2560K, 0% used [0x00000000d7480000,0x00000000d7480000,0x00000000d7700000)
 ParOldGen       total 42496K, used 2132K [0x0000000080000000, 0x0000000082980000, 0x00000000d5580000)
  object space 42496K, 5% used [0x0000000080000000,0x00000000802152d8,0x0000000082980000)
 Metaspace       used 12503K, capacity 12966K, committed 13184K, reserved 1060864K
  class space    used 1706K, capacity 1853K, committed 1920K, reserved 1048576K
Event: 2,178 GC heap after
Heap after GC invocations=5 (full 0):
 PSYoungGen      total 34304K, used 2544K [0x00000000d5580000, 0x00000000d9f80000, 0x0000000100000000)
  eden space 31744K, 0% used [0x00000000d5580000,0x00000000d5580000,0x00000000d7480000)
  from space 2560K, 99% used [0x00000000d7480000,0x00000000d76fc040,0x00000000d7700000)
  to   space 6144K, 0% used [0x00000000d9980000,0x00000000d9980000,0x00000000d9f80000)
 ParOldGen       total 42496K, used 5956K [0x0000000080000000, 0x0000000082980000, 0x00000000d5580000)
  object space 42496K, 14% used [0x0000000080000000,0x00000000805d13c8,0x0000000082980000)
 Metaspace       used 12503K, capacity 12966K, committed 13184K, reserved 1060864K
  class space    used 1706K, capacity 1853K, committed 1920K, reserved 1048576K
}
Event: 2,704 GC heap before
{Heap before GC invocations=6 (full 0):
 PSYoungGen      total 34304K, used 34288K [0x00000000d5580000, 0x00000000d9f80000, 0x0000000100000000)
  eden space 31744K, 100% used [0x00000000d5580000,0x00000000d7480000,0x00000000d7480000)
  from space 2560K, 99% used [0x00000000d7480000,0x00000000d76fc040,0x00000000d7700000)
  to   space 6144K, 0% used [0x00000000d9980000,0x00000000d9980000,0x00000000d9f80000)
 ParOldGen       total 42496K, used 5956K [0x0000000080000000, 0x0000000082980000, 0x00000000d5580000)
  object space 42496K, 14% used [0x0000000080000000,0x00000000805d13c8,0x0000000082980000)
 Metaspace       used 16117K, capacity 16768K, committed 17024K, reserved 1064960K
  class space    used 2146K, capacity 2306K, committed 2432K, reserved 1048576K
Event: 2,719 GC heap after
Heap after GC invocations=6 (full 0):
 PSYoungGen      total 68608K, used 6133K [0x00000000d5580000, 0x00000000da180000, 0x0000000100000000)
  eden space 62464K, 0% used [0x00000000d5580000,0x00000000d5580000,0x00000000d9280000)
  from space 6144K, 99% used [0x00000000d9980000,0x00000000d9f7d770,0x00000000d9f80000)
  to   space 7168K, 0% used [0x00000000d9280000,0x00000000d9280000,0x00000000d9980000)
 ParOldGen       total 42496K, used 5964K [0x0000000080000000, 0x0000000082980000, 0x00000000d5580000)
  object space 42496K, 14% used [0x0000000080000000,0x00000000805d33c8,0x0000000082980000)
 Metaspace       used 16117K, capacity 16768K, committed 17024K, reserved 1064960K
  class space    used 2146K, capacity 2306K, committed 2432K, reserved 1048576K
}
Event: 4,701 GC heap before
{Heap before GC invocations=7 (full 0):
 PSYoungGen      total 68608K, used 68539K [0x00000000d5580000, 0x00000000da180000, 0x0000000100000000)
  eden space 62464K, 99% used [0x00000000d5580000,0x00000000d92715b8,0x00000000d9280000)
  from space 6144K, 99% used [0x00000000d9980000,0x00000000d9f7d770,0x00000000d9f80000)
  to   space 7168K, 0% used [0x00000000d9280000,0x00000000d9280000,0x00000000d9980000)
 ParOldGen       total 42496K, used 5964K [0x0000000080000000, 0x0000000082980000, 0x00000000d5580000)
  object space 42496K, 14% used [0x0000000080000000,0x00000000805d33c8,0x0000000082980000)
 Metaspace       used 20519K, capacity 21228K, committed 21296K, reserved 1067008K
  class space    used 2867K, capacity 3078K, committed 3120K, reserved 1048576K

