# JRE version: OpenJDK Runtime Environment (8.0_242) (build 1.8.0_242-release-1644-b3-6222593)
# Java VM: OpenJDK 64-Bit Server VM (25.242-b3-6222593 mixed mode linux-amd64 compressed oops)
Heap:
 PSYoungGen      total 427008K, used 277598K [0x00000000d5580000, 0x00000000f4580000, 0x0000000100000000)
  eden space 382976K, 67% used [0x00000000d5580000,0x00000000e52181a8,0x00000000ecb80000)
  from space 44032K, 43% used [0x00000000ecb80000,0x00000000eddff8c0,0x00000000ef680000)
  to   space 41984K, 0% used [0x00000000f1c80000,0x00000000f1c80000,0x00000000f4580000)
 ParOldGen       total 115200K, used 85901K [0x0000000080000000, 0x0000000087080000, 0x00000000d5580000)
  object space 115200K, 74% used [0x0000000080000000,0x00000000853e3458,0x0000000087080000)
 Metaspace       used 95499K, capacity 100678K, committed 100760K, reserved 1136640K
  class space    used 12452K, capacity 13443K, committed 13488K, reserved 1048576K
GC Heap History (10 events):
Event: 997,040 GC heap before
{Heap before GC invocations=19 (full 4):
 PSYoungGen      total 308224K, used 284160K [0x00000000d5580000, 0x00000000ea400000, 0x0000000100000000)
  eden space 284160K, 100% used [0x00000000d5580000,0x00000000e6b00000,0x00000000e6b00000)
  from space 24064K, 0% used [0x00000000e8c80000,0x00000000e8c80000,0x00000000ea400000)
  to   space 29184K, 0% used [0x00000000e6b00000,0x00000000e6b00000,0x00000000e8780000)
 ParOldGen       total 115200K, used 51187K [0x0000000080000000, 0x0000000087080000, 0x00000000d5580000)
  object space 115200K, 44% used [0x0000000080000000,0x00000000831fccd8,0x0000000087080000)
 Metaspace       used 75741K, capacity 79228K, committed 79256K, reserved 1118208K
  class space    used 9991K, capacity 10653K, committed 10672K, reserved 1048576K
Event: 997,099 GC heap after
Heap after GC invocations=19 (full 4):
 PSYoungGen      total 313344K, used 15821K [0x00000000d5580000, 0x00000000edf00000, 0x0000000100000000)
  eden space 284160K, 0% used [0x00000000d5580000,0x00000000d5580000,0x00000000e6b00000)
  from space 29184K, 54% used [0x00000000e6b00000,0x00000000e7a73508,0x00000000e8780000)
  to   space 29184K, 0% used [0x00000000ec280000,0x00000000ec280000,0x00000000edf00000)
 ParOldGen       total 115200K, used 51195K [0x0000000080000000, 0x0000000087080000, 0x00000000d5580000)
  object space 115200K, 44% used [0x0000000080000000,0x00000000831fecd8,0x0000000087080000)
 Metaspace       used 75741K, capacity 79228K, committed 79256K, reserved 1118208K
  class space    used 9991K, capacity 10653K, committed 10672K, reserved 1048576K
}
Event: 1002,783 GC heap before
{Heap before GC invocations=20 (full 4):
 PSYoungGen      total 313344K, used 299981K [0x00000000d5580000, 0x00000000edf00000, 0x0000000100000000)
  eden space 284160K, 100% used [0x00000000d5580000,0x00000000e6b00000,0x00000000e6b00000)
  from space 29184K, 54% used [0x00000000e6b00000,0x00000000e7a73508,0x00000000e8780000)
  to   space 29184K, 0% used [0x00000000ec280000,0x00000000ec280000,0x00000000edf00000)
 ParOldGen       total 115200K, used 51195K [0x0000000080000000, 0x0000000087080000, 0x00000000d5580000)
  object space 115200K, 44% used [0x0000000080000000,0x00000000831fecd8,0x0000000087080000)
 Metaspace       used 82294K, capacity 85836K, committed 86168K, reserved 1124352K
  class space    used 10752K, capacity 11430K, committed 11440K, reserved 1048576K
Event: 1002,826 GC heap after
Heap after GC invocations=20 (full 4):
 PSYoungGen      total 368128K, used 29172K [0x00000000d5580000, 0x00000000ee280000, 0x0000000100000000)
  eden space 338944K, 0% used [0x00000000d5580000,0x00000000d5580000,0x00000000ea080000)
  from space 29184K, 99% used [0x00000000ec280000,0x00000000edefd398,0x00000000edf00000)
  to   space 33792K, 0% used [0x00000000ea080000,0x00000000ea080000,0x00000000ec180000)
 ParOldGen       total 115200K, used 51818K [0x0000000080000000, 0x0000000087080000, 0x00000000d5580000)
  object space 115200K, 44% used [0x0000000080000000,0x000000008329a9a8,0x0000000087080000)
 Metaspace       used 82294K, capacity 85836K, committed 86168K, reserved 1124352K
  class space    used 10752K, capacity 11430K, committed 11440K, reserved 1048576K
}
Event: 1005,128 GC heap before
{Heap before GC invocations=21 (full 4):
 PSYoungGen      total 368128K, used 368116K [0x00000000d5580000, 0x00000000ee280000, 0x0000000100000000)
  eden space 338944K, 100% used [0x00000000d5580000,0x00000000ea080000,0x00000000ea080000)
  from space 29184K, 99% used [0x00000000ec280000,0x00000000edefd398,0x00000000edf00000)
  to   space 33792K, 0% used [0x00000000ea080000,0x00000000ea080000,0x00000000ec180000)
 ParOldGen       total 115200K, used 51818K [0x0000000080000000, 0x0000000087080000, 0x00000000d5580000)
  object space 115200K, 44% used [0x0000000080000000,0x000000008329a9a8,0x0000000087080000)
 Metaspace       used 83339K, capacity 86834K, committed 87064K, reserved 1124352K
  class space    used 10825K, capacity 11475K, committed 11568K, reserved 1048576K
Event: 1005,217 GC heap after
Heap after GC invocations=21 (full 4):
 PSYoungGen      total 372736K, used 33761K [0x00000000d5580000, 0x00000000f2f00000, 0x0000000100000000)
  eden space 338944K, 0% used [0x00000000d5580000,0x00000000d5580000,0x00000000ea080000)
  from space 33792K, 99% used [0x00000000ea080000,0x00000000ec178680,0x00000000ec180000)
  to   space 46592K, 0% used [0x00000000f0180000,0x00000000f0180000,0x00000000f2f00000)
 ParOldGen       total 115200K, used 71100K [0x0000000080000000, 0x0000000087080000, 0x00000000d5580000)
  object space 115200K, 61% used [0x0000000080000000,0x000000008456f250,0x0000000087080000)
 Metaspace       used 83339K, capacity 86834K, committed 87064K, reserved 1124352K
  class space    used 10825K, capacity 11475K, committed 11568K, reserved 1048576K
}
Event: 1202,625 GC heap before
{Heap before GC invocations=22 (full 4):
 PSYoungGen      total 372736K, used 372705K [0x00000000d5580000, 0x00000000f2f00000, 0x0000000100000000)
  eden space 338944K, 100% used [0x00000000d5580000,0x00000000ea080000,0x00000000ea080000)
  from space 33792K, 99% used [0x00000000ea080000,0x00000000ec178680,0x00000000ec180000)
  to   space 46592K, 0% used [0x00000000f0180000,0x00000000f0180000,0x00000000f2f00000)
 ParOldGen       total 115200K, used 71100K [0x0000000080000000, 0x0000000087080000, 0x00000000d5580000)
  object space 115200K, 61% used [0x0000000080000000,0x000000008456f250,0x0000000087080000)
 Metaspace       used 94206K, capacity 99084K, committed 99352K, reserved 1134592K
  class space    used 12393K, capacity 13322K, committed 13360K, reserved 1048576K
Event: 1202,688 GC heap after
Heap after GC invocations=22 (full 4):
 PSYoungGen      total 415744K, used 18488K [0x00000000d5580000, 0x00000000f2180000, 0x0000000100000000)
  eden space 382976K, 0% used [0x00000000d5580000,0x00000000d5580000,0x00000000ecb80000)
  from space 32768K, 56% used [0x00000000f0180000,0x00000000f138e268,0x00000000f2180000)
  to   space 44032K, 0% used [0x00000000ecb80000,0x00000000ecb80000,0x00000000ef680000)
 ParOldGen       total 115200K, used 85893K [0x0000000080000000, 0x0000000087080000, 0x00000000d5580000)
  object space 115200K, 74% used [0x0000000080000000,0x00000000853e1458,0x0000000087080000)
 Metaspace       used 94206K, capacity 99084K, committed 99352K, reserved 1134592K
  class space    used 12393K, capacity 13322K, committed 13360K, reserved 1048576K
}
Event: 1316,159 GC heap before
{Heap before GC invocations=23 (full 4):
 PSYoungGen      total 415744K, used 401464K [0x00000000d5580000, 0x00000000f2180000, 0x0000000100000000)
  eden space 382976K, 100% used [0x00000000d5580000,0x00000000ecb80000,0x00000000ecb80000)
  from space 32768K, 56% used [0x00000000f0180000,0x00000000f138e268,0x00000000f2180000)
  to   space 44032K, 0% used [0x00000000ecb80000,0x00000000ecb80000,0x00000000ef680000)
 ParOldGen       total 115200K, used 85893K [0x0000000080000000, 0x0000000087080000, 0x00000000d5580000)
  object space 115200K, 74% used [0x0000000080000000,0x00000000853e1458,0x0000000087080000)
 Metaspace       used 95075K, capacity 100118K, committed 100248K, reserved 1136640K
  class space    used 12442K, capacity 13395K, committed 13488K, reserved 1048576K
Event: 1316,200 GC heap after
Heap after GC invocations=23 (full 4):
 PSYoungGen      total 427008K, used 18942K [0x00000000d5580000, 0x00000000f4580000, 0x0000000100000000)
  eden space 382976K, 0% used [0x00000000d5580000,0x00000000d5580000,0x00000000ecb80000)
  from space 44032K, 43% used [0x00000000ecb80000,0x00000000eddff8c0,0x00000000ef680000)
  to   space 41984K, 0% used [0x00000000f1c80000,0x00000000f1c80000,0x00000000f4580000)
 ParOldGen       total 115200K, used 85901K [0x0000000080000000, 0x0000000087080000, 0x00000000d5580000)
  object space 115200K, 74% used [0x0000000080000000,0x00000000853e3458,0x0000000087080000)
 Metaspace       used 95075K, capacity 100118K, committed 100248K, reserved 1136640K
  class space    used 12442K, capacity 13395K, committed 13488K, reserved 1048576K
}

